[1.787s] Invoking command in '/root/ros_ws/src/lab_1_package': PYTHONPATH=/root/ros_ws/build/lab_1_package/prefix_override:/usr/lib/python3/dist-packages/colcon_core/task/python/colcon_distutils_commands:/root/ros_ws/install/lab_1_package/lib/python3.12/site-packages:${PYTHONPATH} /usr/bin/python3 -W ignore:setup.py install is deprecated -W ignore:easy_install command is deprecated setup.py egg_info --egg-base ../../build/lab_1_package build --build-base /root/ros_ws/build/lab_1_package/build install --record /root/ros_ws/build/lab_1_package/install.log --single-version-externally-managed install_data
[2.442s] running egg_info
[2.489s] writing ../../build/lab_1_package/lab_1_package.egg-info/PKG-INFO
[2.489s] writing dependency_links to ../../build/lab_1_package/lab_1_package.egg-info/dependency_links.txt
[2.490s] writing entry points to ../../build/lab_1_package/lab_1_package.egg-info/entry_points.txt
[2.490s] writing requirements to ../../build/lab_1_package/lab_1_package.egg-info/requires.txt
[2.490s] writing top-level names to ../../build/lab_1_package/lab_1_package.egg-info/top_level.txt
[2.593s] reading manifest file '../../build/lab_1_package/lab_1_package.egg-info/SOURCES.txt'
[2.593s] adding license file 'LICENSE'
[2.595s] writing manifest file '../../build/lab_1_package/lab_1_package.egg-info/SOURCES.txt'
[2.595s] running build
[2.596s] running build_py
[2.596s] running install
[2.605s] running install_lib
[2.645s] running install_data
[2.647s] running install_egg_info
[2.709s] removing '/root/ros_ws/install/lab_1_package/lib/python3.12/site-packages/lab_1_package-0.0.0-py3.12.egg-info' (and everything under it)
[2.710s] Copying ../../build/lab_1_package/lab_1_package.egg-info to /root/ros_ws/install/lab_1_package/lib/python3.12/site-packages/lab_1_package-0.0.0-py3.12.egg-info
[2.710s] running install_scripts
[2.955s] Installing move_robot script to /root/ros_ws/install/lab_1_package/lib/lab_1_package
[2.959s] writing list of installed files to '/root/ros_ws/build/lab_1_package/install.log'
[3.014s] Invoked command in '/root/ros_ws/src/lab_1_package' returned '0': PYTHONPATH=/root/ros_ws/build/lab_1_package/prefix_override:/usr/lib/python3/dist-packages/colcon_core/task/python/colcon_distutils_commands:/root/ros_ws/install/lab_1_package/lib/python3.12/site-packages:${PYTHONPATH} /usr/bin/python3 -W ignore:setup.py install is deprecated -W ignore:easy_install command is deprecated setup.py egg_info --egg-base ../../build/lab_1_package build --build-base /root/ros_ws/build/lab_1_package/build install --record /root/ros_ws/build/lab_1_package/install.log --single-version-externally-managed install_data
