[1.711s] Invoking command in '/home/abel/CODE/AAiT/AI/ros_ws/src/lab_1_package': DEBUGINFOD_URLS=https://debuginfod.ubuntu.com PYTHONPATH=/home/abel/CODE/AAiT/AI/ros_ws/build/lab_1_package/prefix_override:/usr/lib/python3/dist-packages/colcon_core/task/python/colcon_distutils_commands:/home/abel/CODE/AAiT/AI/ros_ws/install/lab_1_package/lib/python3.12/site-packages:${PYTHONPATH} /usr/bin/python3 -W ignore:setup.py install is deprecated -W ignore:easy_install command is deprecated setup.py egg_info --egg-base ../../build/lab_1_package build --build-base /home/abel/CODE/AAiT/AI/ros_ws/build/lab_1_package/build install --record /home/abel/CODE/AAiT/AI/ros_ws/build/lab_1_package/install.log --single-version-externally-managed install_data
[2.190s] running egg_info
[2.225s] writing ../../build/lab_1_package/lab_1_package.egg-info/PKG-INFO
[2.226s] writing dependency_links to ../../build/lab_1_package/lab_1_package.egg-info/dependency_links.txt
[2.227s] writing entry points to ../../build/lab_1_package/lab_1_package.egg-info/entry_points.txt
[2.227s] writing requirements to ../../build/lab_1_package/lab_1_package.egg-info/requires.txt
[2.227s] writing top-level names to ../../build/lab_1_package/lab_1_package.egg-info/top_level.txt
[2.292s] reading manifest file '../../build/lab_1_package/lab_1_package.egg-info/SOURCES.txt'
[2.292s] adding license file 'LICENSE'
[2.293s] writing manifest file '../../build/lab_1_package/lab_1_package.egg-info/SOURCES.txt'
[2.294s] running build
[2.294s] running build_py
[2.294s] running install
[2.308s] running install_lib
[2.344s] running install_data
[2.345s] running install_egg_info
[2.381s] removing '/home/abel/CODE/AAiT/AI/ros_ws/install/lab_1_package/lib/python3.12/site-packages/lab_1_package-0.0.0-py3.12.egg-info' (and everything under it)
[2.382s] Copying ../../build/lab_1_package/lab_1_package.egg-info to /home/abel/CODE/AAiT/AI/ros_ws/install/lab_1_package/lib/python3.12/site-packages/lab_1_package-0.0.0-py3.12.egg-info
[2.383s] running install_scripts
[2.606s] Installing move_robot script to /home/abel/CODE/AAiT/AI/ros_ws/install/lab_1_package/lib/lab_1_package
[2.606s] writing list of installed files to '/home/abel/CODE/AAiT/AI/ros_ws/build/lab_1_package/install.log'
[2.665s] Invoked command in '/home/abel/CODE/AAiT/AI/ros_ws/src/lab_1_package' returned '0': DEBUGINFOD_URLS=https://debuginfod.ubuntu.com PYTHONPATH=/home/abel/CODE/AAiT/AI/ros_ws/build/lab_1_package/prefix_override:/usr/lib/python3/dist-packages/colcon_core/task/python/colcon_distutils_commands:/home/abel/CODE/AAiT/AI/ros_ws/install/lab_1_package/lib/python3.12/site-packages:${PYTHONPATH} /usr/bin/python3 -W ignore:setup.py install is deprecated -W ignore:easy_install command is deprecated setup.py egg_info --egg-base ../../build/lab_1_package build --build-base /home/abel/CODE/AAiT/AI/ros_ws/build/lab_1_package/build install --record /home/abel/CODE/AAiT/AI/ros_ws/build/lab_1_package/install.log --single-version-externally-managed install_data
