[1.480s] Invoking command in '/home/abel/CODE/AAiT/AI/ros_ws/src/lab_1_package': DEBUGINFOD_URLS=https://debuginfod.ubuntu.com PYTHONPATH=/home/abel/CODE/AAiT/AI/ros_ws/build/lab_1_package/prefix_override:/usr/lib/python3/dist-packages/colcon_core/task/python/colcon_distutils_commands:/home/abel/CODE/AAiT/AI/ros_ws/install/lab_1_package/lib/python3.12/site-packages:${PYTHONPATH} /usr/bin/python3 -W ignore:setup.py install is deprecated -W ignore:easy_install command is deprecated setup.py egg_info --egg-base ../../build/lab_1_package build --build-base /home/abel/CODE/AAiT/AI/ros_ws/build/lab_1_package/build install --record /home/abel/CODE/AAiT/AI/ros_ws/build/lab_1_package/install.log --single-version-externally-managed install_data
[1.893s] running egg_info
[1.920s] writing ../../build/lab_1_package/lab_1_package.egg-info/PKG-INFO
[1.920s] writing dependency_links to ../../build/lab_1_package/lab_1_package.egg-info/dependency_links.txt
[1.921s] writing entry points to ../../build/lab_1_package/lab_1_package.egg-info/entry_points.txt
[1.921s] writing requirements to ../../build/lab_1_package/lab_1_package.egg-info/requires.txt
[1.921s] writing top-level names to ../../build/lab_1_package/lab_1_package.egg-info/top_level.txt
[1.977s] reading manifest file '../../build/lab_1_package/lab_1_package.egg-info/SOURCES.txt'
[1.977s] adding license file 'LICENSE'
[1.978s] writing manifest file '../../build/lab_1_package/lab_1_package.egg-info/SOURCES.txt'
[1.979s] running build
[1.979s] running build_py
[1.979s] running install
[1.991s] running install_lib
[2.020s] running install_data
[2.020s] copying worlds/my_world.sdf -> /home/abel/CODE/AAiT/AI/ros_ws/install/lab_1_package/share/lab_1_package/worlds
[2.020s] running install_egg_info
[2.050s] removing '/home/abel/CODE/AAiT/AI/ros_ws/install/lab_1_package/lib/python3.12/site-packages/lab_1_package-0.0.0-py3.12.egg-info' (and everything under it)
[2.051s] Copying ../../build/lab_1_package/lab_1_package.egg-info to /home/abel/CODE/AAiT/AI/ros_ws/install/lab_1_package/lib/python3.12/site-packages/lab_1_package-0.0.0-py3.12.egg-info
[2.054s] running install_scripts
[2.259s] Installing move_robot script to /home/abel/CODE/AAiT/AI/ros_ws/install/lab_1_package/lib/lab_1_package
[2.259s] writing list of installed files to '/home/abel/CODE/AAiT/AI/ros_ws/build/lab_1_package/install.log'
[2.297s] Invoked command in '/home/abel/CODE/AAiT/AI/ros_ws/src/lab_1_package' returned '0': DEBUGINFOD_URLS=https://debuginfod.ubuntu.com PYTHONPATH=/home/abel/CODE/AAiT/AI/ros_ws/build/lab_1_package/prefix_override:/usr/lib/python3/dist-packages/colcon_core/task/python/colcon_distutils_commands:/home/abel/CODE/AAiT/AI/ros_ws/install/lab_1_package/lib/python3.12/site-packages:${PYTHONPATH} /usr/bin/python3 -W ignore:setup.py install is deprecated -W ignore:easy_install command is deprecated setup.py egg_info --egg-base ../../build/lab_1_package build --build-base /home/abel/CODE/AAiT/AI/ros_ws/build/lab_1_package/build install --record /home/abel/CODE/AAiT/AI/ros_ws/build/lab_1_package/install.log --single-version-externally-managed install_data
