[0.372s] DEBUG:colcon:Command line arguments: ['/usr/bin/colcon', 'build']
[0.372s] DEBUG:colcon:Parsed command line arguments: Namespace(log_base=None, log_level=None, verb_name='build', build_base='build', install_base='install', merge_install=False, symlink_install=False, test_result_base=None, continue_on_error=False, executor='parallel', parallel_workers=12, event_handlers=None, ignore_user_meta=False, metas=['./colcon.meta'], base_paths=['.'], packages_ignore=None, packages_ignore_regex=None, paths=None, packages_up_to=None, packages_up_to_regex=None, packages_above=None, packages_above_and_dependencies=None, packages_above_depth=None, packages_select_by_dep=None, packages_skip_by_dep=None, packages_skip_up_to=None, packages_select_build_failed=False, packages_skip_build_finished=False, packages_select_test_failures=False, packages_skip_test_passed=False, packages_select=None, packages_skip=None, packages_select_regex=None, packages_skip_regex=None, packages_start=None, packages_end=None, allow_overriding=[], cmake_args=None, cmake_target=None, cmake_target_skip_unavailable=False, cmake_clean_cache=False, cmake_clean_first=False, cmake_force_configure=False, ament_cmake_args=None, catkin_cmake_args=None, catkin_skip_building_tests=False, mixin_files=None, mixin=None, verb_parser=<colcon_mixin.mixin.mixin_argument.MixinArgumentDecorator object at 0x7a159df5ccb0>, verb_extension=<colcon_core.verb.build.BuildVerb object at 0x7a159e936240>, main=<bound method BuildVerb.main of <colcon_core.verb.build.BuildVerb object at 0x7a159e936240>>, mixin_verb=('build',))
[0.493s] Level 1:colcon.colcon_core.package_discovery:discover_packages(colcon_meta) check parameters
[0.494s] Level 1:colcon.colcon_core.package_discovery:discover_packages(recursive) check parameters
[0.494s] Level 1:colcon.colcon_core.package_discovery:discover_packages(ignore) check parameters
[0.494s] Level 1:colcon.colcon_core.package_discovery:discover_packages(path) check parameters
[0.494s] Level 1:colcon.colcon_core.package_discovery:discover_packages(colcon_meta) discover
[0.495s] Level 1:colcon.colcon_core.package_discovery:discover_packages(recursive) discover
[0.495s] INFO:colcon.colcon_core.package_discovery:Crawling recursively for packages in '/home/abel/CODE/AAiT/AI/ros_ws'
[0.496s] Level 1:colcon.colcon_core.package_identification:_identify(.) by extensions ['ignore', 'ignore_ament_install']
[0.497s] Level 1:colcon.colcon_core.package_identification:_identify(.) by extension 'ignore'
[0.497s] Level 1:colcon.colcon_core.package_identification:_identify(.) by extension 'ignore_ament_install'
[0.498s] Level 1:colcon.colcon_core.package_identification:_identify(.) by extensions ['colcon_pkg']
[0.498s] Level 1:colcon.colcon_core.package_identification:_identify(.) by extension 'colcon_pkg'
[0.498s] Level 1:colcon.colcon_core.package_identification:_identify(.) by extensions ['colcon_meta']
[0.498s] Level 1:colcon.colcon_core.package_identification:_identify(.) by extension 'colcon_meta'
[0.499s] Level 1:colcon.colcon_core.package_identification:_identify(.) by extensions ['ros']
[0.499s] Level 1:colcon.colcon_core.package_identification:_identify(.) by extension 'ros'
[0.588s] Level 1:colcon.colcon_core.package_identification:_identify(.) by extensions ['cmake', 'python']
[0.589s] Level 1:colcon.colcon_core.package_identification:_identify(.) by extension 'cmake'
[0.589s] Level 1:colcon.colcon_core.package_identification:_identify(.) by extension 'python'
[0.589s] Level 1:colcon.colcon_core.package_identification:_identify(.) by extensions ['python_setup_py']
[0.589s] Level 1:colcon.colcon_core.package_identification:_identify(.) by extension 'python_setup_py'
[0.590s] Level 1:colcon.colcon_core.package_identification:_identify(build) by extensions ['ignore', 'ignore_ament_install']
[0.590s] Level 1:colcon.colcon_core.package_identification:_identify(build) by extension 'ignore'
[0.590s] Level 1:colcon.colcon_core.package_identification:_identify(build) ignored
[0.590s] Level 1:colcon.colcon_core.package_identification:_identify(install) by extensions ['ignore', 'ignore_ament_install']
[0.591s] Level 1:colcon.colcon_core.package_identification:_identify(install) by extension 'ignore'
[0.591s] Level 1:colcon.colcon_core.package_identification:_identify(install) ignored
[0.591s] Level 1:colcon.colcon_core.package_identification:_identify(log) by extensions ['ignore', 'ignore_ament_install']
[0.591s] Level 1:colcon.colcon_core.package_identification:_identify(log) by extension 'ignore'
[0.591s] Level 1:colcon.colcon_core.package_identification:_identify(log) ignored
[0.591s] Level 1:colcon.colcon_core.package_identification:_identify(src) by extensions ['ignore', 'ignore_ament_install']
[0.592s] Level 1:colcon.colcon_core.package_identification:_identify(src) by extension 'ignore'
[0.592s] Level 1:colcon.colcon_core.package_identification:_identify(src) by extension 'ignore_ament_install'
[0.592s] Level 1:colcon.colcon_core.package_identification:_identify(src) by extensions ['colcon_pkg']
[0.592s] Level 1:colcon.colcon_core.package_identification:_identify(src) by extension 'colcon_pkg'
[0.592s] Level 1:colcon.colcon_core.package_identification:_identify(src) by extensions ['colcon_meta']
[0.592s] Level 1:colcon.colcon_core.package_identification:_identify(src) by extension 'colcon_meta'
[0.592s] Level 1:colcon.colcon_core.package_identification:_identify(src) by extensions ['ros']
[0.592s] Level 1:colcon.colcon_core.package_identification:_identify(src) by extension 'ros'
[0.592s] Level 1:colcon.colcon_core.package_identification:_identify(src) by extensions ['cmake', 'python']
[0.592s] Level 1:colcon.colcon_core.package_identification:_identify(src) by extension 'cmake'
[0.592s] Level 1:colcon.colcon_core.package_identification:_identify(src) by extension 'python'
[0.593s] Level 1:colcon.colcon_core.package_identification:_identify(src) by extensions ['python_setup_py']
[0.593s] Level 1:colcon.colcon_core.package_identification:_identify(src) by extension 'python_setup_py'
[0.593s] Level 1:colcon.colcon_core.package_identification:_identify(src/lab_1_package) by extensions ['ignore', 'ignore_ament_install']
[0.593s] Level 1:colcon.colcon_core.package_identification:_identify(src/lab_1_package) by extension 'ignore'
[0.593s] Level 1:colcon.colcon_core.package_identification:_identify(src/lab_1_package) by extension 'ignore_ament_install'
[0.593s] Level 1:colcon.colcon_core.package_identification:_identify(src/lab_1_package) by extensions ['colcon_pkg']
[0.593s] Level 1:colcon.colcon_core.package_identification:_identify(src/lab_1_package) by extension 'colcon_pkg'
[0.593s] Level 1:colcon.colcon_core.package_identification:_identify(src/lab_1_package) by extensions ['colcon_meta']
[0.593s] Level 1:colcon.colcon_core.package_identification:_identify(src/lab_1_package) by extension 'colcon_meta'
[0.593s] Level 1:colcon.colcon_core.package_identification:_identify(src/lab_1_package) by extensions ['ros']
[0.593s] Level 1:colcon.colcon_core.package_identification:_identify(src/lab_1_package) by extension 'ros'
[0.601s] DEBUG:colcon.colcon_core.package_identification:Package 'src/lab_1_package' with type 'ros.ament_python' and name 'lab_1_package'
[0.601s] Level 1:colcon.colcon_core.package_identification:_identify(yolov5) by extensions ['ignore', 'ignore_ament_install']
[0.601s] Level 1:colcon.colcon_core.package_identification:_identify(yolov5) by extension 'ignore'
[0.602s] Level 1:colcon.colcon_core.package_identification:_identify(yolov5) ignored
[0.602s] Level 1:colcon.colcon_core.package_discovery:discover_packages(recursive) using defaults
[0.602s] Level 1:colcon.colcon_core.package_discovery:discover_packages(ignore) discover
[0.602s] Level 1:colcon.colcon_core.package_discovery:discover_packages(ignore) using defaults
[0.602s] Level 1:colcon.colcon_core.package_discovery:discover_packages(path) discover
[0.602s] Level 1:colcon.colcon_core.package_discovery:discover_packages(path) using defaults
[0.657s] Level 1:colcon.colcon_core.package_discovery:discover_packages(prefix_path) check parameters
[0.657s] Level 1:colcon.colcon_core.package_discovery:discover_packages(prefix_path) discover
[0.662s] DEBUG:colcon.colcon_installed_package_information.package_discovery:Found 2 installed packages in /home/abel/CODE/AAiT/AI/ros_ws/install
[0.665s] DEBUG:colcon.colcon_installed_package_information.package_discovery:Found 317 installed packages in /opt/ros/jazzy
[0.669s] Level 1:colcon.colcon_core.package_discovery:discover_packages(prefix_path) using defaults
[0.805s] Level 5:colcon.colcon_core.verb:set package 'lab_1_package' build argument 'cmake_args' from command line to 'None'
[0.805s] Level 5:colcon.colcon_core.verb:set package 'lab_1_package' build argument 'cmake_target' from command line to 'None'
[0.805s] Level 5:colcon.colcon_core.verb:set package 'lab_1_package' build argument 'cmake_target_skip_unavailable' from command line to 'False'
[0.806s] Level 5:colcon.colcon_core.verb:set package 'lab_1_package' build argument 'cmake_clean_cache' from command line to 'False'
[0.806s] Level 5:colcon.colcon_core.verb:set package 'lab_1_package' build argument 'cmake_clean_first' from command line to 'False'
[0.806s] Level 5:colcon.colcon_core.verb:set package 'lab_1_package' build argument 'cmake_force_configure' from command line to 'False'
[0.806s] Level 5:colcon.colcon_core.verb:set package 'lab_1_package' build argument 'ament_cmake_args' from command line to 'None'
[0.806s] Level 5:colcon.colcon_core.verb:set package 'lab_1_package' build argument 'catkin_cmake_args' from command line to 'None'
[0.806s] Level 5:colcon.colcon_core.verb:set package 'lab_1_package' build argument 'catkin_skip_building_tests' from command line to 'False'
[0.806s] DEBUG:colcon.colcon_core.verb:Building package 'lab_1_package' with the following arguments: {'ament_cmake_args': None, 'build_base': '/home/abel/CODE/AAiT/AI/ros_ws/build/lab_1_package', 'catkin_cmake_args': None, 'catkin_skip_building_tests': False, 'cmake_args': None, 'cmake_clean_cache': False, 'cmake_clean_first': False, 'cmake_force_configure': False, 'cmake_target': None, 'cmake_target_skip_unavailable': False, 'install_base': '/home/abel/CODE/AAiT/AI/ros_ws/install/lab_1_package', 'merge_install': False, 'path': '/home/abel/CODE/AAiT/AI/ros_ws/src/lab_1_package', 'symlink_install': False, 'test_result_base': None}
[0.807s] INFO:colcon.colcon_core.executor:Executing jobs using 'parallel' executor
[0.809s] DEBUG:colcon.colcon_parallel_executor.executor.parallel:run_until_complete
[0.810s] INFO:colcon.colcon_ros.task.ament_python.build:Building ROS package in '/home/abel/CODE/AAiT/AI/ros_ws/src/lab_1_package' with build type 'ament_python'
[0.810s] Level 1:colcon.colcon_core.shell:create_environment_hook('lab_1_package', 'ament_prefix_path')
[0.816s] INFO:colcon.colcon_core.plugin_system:Skipping extension 'colcon_core.shell.bat': Not used on non-Windows systems
[0.817s] INFO:colcon.colcon_core.shell:Creating environment hook '/home/abel/CODE/AAiT/AI/ros_ws/install/lab_1_package/share/lab_1_package/hook/ament_prefix_path.ps1'
[0.819s] INFO:colcon.colcon_core.shell:Creating environment descriptor '/home/abel/CODE/AAiT/AI/ros_ws/install/lab_1_package/share/lab_1_package/hook/ament_prefix_path.dsv'
[0.820s] INFO:colcon.colcon_core.shell:Creating environment hook '/home/abel/CODE/AAiT/AI/ros_ws/install/lab_1_package/share/lab_1_package/hook/ament_prefix_path.sh'
[0.823s] INFO:colcon.colcon_core.shell:Skip shell extension 'powershell' for command environment: Not usable outside of PowerShell
[0.823s] DEBUG:colcon.colcon_core.shell:Skip shell extension 'dsv' for command environment
[1.626s] INFO:colcon.colcon_core.task.python.build:Building Python package in '/home/abel/CODE/AAiT/AI/ros_ws/src/lab_1_package'
[1.626s] INFO:colcon.colcon_core.shell:Skip shell extension 'powershell' for command environment: Not usable outside of PowerShell
[1.627s] DEBUG:colcon.colcon_core.shell:Skip shell extension 'dsv' for command environment
[3.573s] DEBUG:colcon.colcon_core.event_handler.log_command:Invoking command in '/home/abel/CODE/AAiT/AI/ros_ws/src/lab_1_package': DEBUGINFOD_URLS=https://debuginfod.ubuntu.com PS1=(ros_env) \[\e]0;\u@\h: \w\a\]${debian_chroot:+($debian_chroot)}\[\033[01;32m\]\u@\h\[\033[00m\]:\[\033[01;34m\]\w\[\033[00m\]\$ PYTHONPATH=/home/abel/CODE/AAiT/AI/ros_ws/build/lab_1_package/prefix_override:/usr/lib/python3/dist-packages/colcon_core/task/python/colcon_distutils_commands:/home/abel/CODE/AAiT/AI/ros_ws/install/lab_1_package/lib/python3.12/site-packages:${PYTHONPATH} VIRTUAL_ENV_PROMPT=(ros_env) /usr/bin/python3 -W ignore:setup.py install is deprecated -W ignore:easy_install command is deprecated setup.py egg_info --egg-base ../../build/lab_1_package build --build-base /home/abel/CODE/AAiT/AI/ros_ws/build/lab_1_package/build install --record /home/abel/CODE/AAiT/AI/ros_ws/build/lab_1_package/install.log --single-version-externally-managed install_data
[5.576s] DEBUG:colcon.colcon_core.event_handler.log_command:Invoked command in '/home/abel/CODE/AAiT/AI/ros_ws/src/lab_1_package' returned '0': DEBUGINFOD_URLS=https://debuginfod.ubuntu.com PS1=(ros_env) \[\e]0;\u@\h: \w\a\]${debian_chroot:+($debian_chroot)}\[\033[01;32m\]\u@\h\[\033[00m\]:\[\033[01;34m\]\w\[\033[00m\]\$ PYTHONPATH=/home/abel/CODE/AAiT/AI/ros_ws/build/lab_1_package/prefix_override:/usr/lib/python3/dist-packages/colcon_core/task/python/colcon_distutils_commands:/home/abel/CODE/AAiT/AI/ros_ws/install/lab_1_package/lib/python3.12/site-packages:${PYTHONPATH} VIRTUAL_ENV_PROMPT=(ros_env) /usr/bin/python3 -W ignore:setup.py install is deprecated -W ignore:easy_install command is deprecated setup.py egg_info --egg-base ../../build/lab_1_package build --build-base /home/abel/CODE/AAiT/AI/ros_ws/build/lab_1_package/build install --record /home/abel/CODE/AAiT/AI/ros_ws/build/lab_1_package/install.log --single-version-externally-managed install_data
[5.581s] Level 1:colcon.colcon_core.environment:checking '/home/abel/CODE/AAiT/AI/ros_ws/install/lab_1_package' for CMake module files
[5.583s] Level 1:colcon.colcon_core.environment:checking '/home/abel/CODE/AAiT/AI/ros_ws/install/lab_1_package' for CMake config files
[5.585s] Level 1:colcon.colcon_core.environment:checking '/home/abel/CODE/AAiT/AI/ros_ws/install/lab_1_package/lib'
[5.585s] Level 1:colcon.colcon_core.environment:checking '/home/abel/CODE/AAiT/AI/ros_ws/install/lab_1_package/bin'
[5.585s] Level 1:colcon.colcon_core.environment:checking '/home/abel/CODE/AAiT/AI/ros_ws/install/lab_1_package/lib/pkgconfig/lab_1_package.pc'
[5.586s] Level 1:colcon.colcon_core.environment:checking '/home/abel/CODE/AAiT/AI/ros_ws/install/lab_1_package/lib/python3.12/site-packages'
[5.586s] Level 1:colcon.colcon_core.shell:create_environment_hook('lab_1_package', 'pythonpath')
[5.586s] INFO:colcon.colcon_core.shell:Creating environment hook '/home/abel/CODE/AAiT/AI/ros_ws/install/lab_1_package/share/lab_1_package/hook/pythonpath.ps1'
[5.588s] INFO:colcon.colcon_core.shell:Creating environment descriptor '/home/abel/CODE/AAiT/AI/ros_ws/install/lab_1_package/share/lab_1_package/hook/pythonpath.dsv'
[5.588s] INFO:colcon.colcon_core.shell:Creating environment hook '/home/abel/CODE/AAiT/AI/ros_ws/install/lab_1_package/share/lab_1_package/hook/pythonpath.sh'
[5.590s] Level 1:colcon.colcon_core.environment:checking '/home/abel/CODE/AAiT/AI/ros_ws/install/lab_1_package/bin'
[5.590s] Level 1:colcon.colcon_core.environment:create_environment_scripts_only(lab_1_package)
[5.590s] INFO:colcon.colcon_core.shell:Creating package script '/home/abel/CODE/AAiT/AI/ros_ws/install/lab_1_package/share/lab_1_package/package.ps1'
[5.592s] INFO:colcon.colcon_core.shell:Creating package descriptor '/home/abel/CODE/AAiT/AI/ros_ws/install/lab_1_package/share/lab_1_package/package.dsv'
[5.593s] INFO:colcon.colcon_core.shell:Creating package script '/home/abel/CODE/AAiT/AI/ros_ws/install/lab_1_package/share/lab_1_package/package.sh'
[5.595s] INFO:colcon.colcon_core.shell:Creating package script '/home/abel/CODE/AAiT/AI/ros_ws/install/lab_1_package/share/lab_1_package/package.bash'
[5.597s] INFO:colcon.colcon_core.shell:Creating package script '/home/abel/CODE/AAiT/AI/ros_ws/install/lab_1_package/share/lab_1_package/package.zsh'
[5.598s] Level 1:colcon.colcon_core.environment:create_file_with_runtime_dependencies(/home/abel/CODE/AAiT/AI/ros_ws/install/lab_1_package/share/colcon-core/packages/lab_1_package)
[5.599s] DEBUG:colcon.colcon_parallel_executor.executor.parallel:closing loop
[5.600s] DEBUG:colcon.colcon_parallel_executor.executor.parallel:loop closed
[5.600s] DEBUG:colcon.colcon_parallel_executor.executor.parallel:run_until_complete finished with '0'
[5.600s] DEBUG:colcon.colcon_core.event_reactor:joining thread
[5.619s] INFO:colcon.colcon_core.plugin_system:Skipping extension 'colcon_notification.desktop_notification.terminal_notifier': Not used on non-Darwin systems
[5.620s] INFO:colcon.colcon_core.plugin_system:Skipping extension 'colcon_notification.desktop_notification.win32': Not used on non-Windows systems
[5.620s] INFO:colcon.colcon_notification.desktop_notification:Sending desktop notification using 'notify2'
[5.667s] DEBUG:colcon.colcon_core.event_reactor:joined thread
[5.668s] INFO:colcon.colcon_core.shell:Creating prefix script '/home/abel/CODE/AAiT/AI/ros_ws/install/local_setup.ps1'
[5.673s] INFO:colcon.colcon_core.shell:Creating prefix util module '/home/abel/CODE/AAiT/AI/ros_ws/install/_local_setup_util_ps1.py'
[5.677s] INFO:colcon.colcon_core.shell:Creating prefix chain script '/home/abel/CODE/AAiT/AI/ros_ws/install/setup.ps1'
[5.679s] INFO:colcon.colcon_core.shell:Creating prefix script '/home/abel/CODE/AAiT/AI/ros_ws/install/local_setup.sh'
[5.681s] INFO:colcon.colcon_core.shell:Creating prefix util module '/home/abel/CODE/AAiT/AI/ros_ws/install/_local_setup_util_sh.py'
[5.683s] INFO:colcon.colcon_core.shell:Creating prefix chain script '/home/abel/CODE/AAiT/AI/ros_ws/install/setup.sh'
[5.687s] INFO:colcon.colcon_core.shell:Creating prefix script '/home/abel/CODE/AAiT/AI/ros_ws/install/local_setup.bash'
[5.689s] INFO:colcon.colcon_core.shell:Creating prefix chain script '/home/abel/CODE/AAiT/AI/ros_ws/install/setup.bash'
[5.693s] INFO:colcon.colcon_core.shell:Creating prefix script '/home/abel/CODE/AAiT/AI/ros_ws/install/local_setup.zsh'
[5.696s] INFO:colcon.colcon_core.shell:Creating prefix chain script '/home/abel/CODE/AAiT/AI/ros_ws/install/setup.zsh'
