[3.638s] Invoking command in '/home/abel/CODE/AAiT/AI/ros_ws/src/lab_1_package': DEBUGINFOD_URLS=https://debuginfod.ubuntu.com PYTHONPATH=/home/abel/CODE/AAiT/AI/ros_ws/build/lab_1_package/prefix_override:/usr/lib/python3/dist-packages/colcon_core/task/python/colcon_distutils_commands:/home/abel/CODE/AAiT/AI/ros_ws/install/lab_1_package/lib/python3.12/site-packages:${PYTHONPATH} /usr/bin/python3 -W ignore:setup.py install is deprecated -W ignore:easy_install command is deprecated setup.py egg_info --egg-base ../../build/lab_1_package build --build-base /home/abel/CODE/AAiT/AI/ros_ws/build/lab_1_package/build install --record /home/abel/CODE/AAiT/AI/ros_ws/build/lab_1_package/install.log --single-version-externally-managed install_data
[4.570s] running egg_info
[4.633s] writing ../../build/lab_1_package/lab_1_package.egg-info/PKG-INFO
[4.634s] writing dependency_links to ../../build/lab_1_package/lab_1_package.egg-info/dependency_links.txt
[4.634s] writing entry points to ../../build/lab_1_package/lab_1_package.egg-info/entry_points.txt
[4.634s] writing requirements to ../../build/lab_1_package/lab_1_package.egg-info/requires.txt
[4.635s] writing top-level names to ../../build/lab_1_package/lab_1_package.egg-info/top_level.txt
[4.783s] reading manifest file '../../build/lab_1_package/lab_1_package.egg-info/SOURCES.txt'
[4.785s] adding license file 'LICENSE'
[4.787s] writing manifest file '../../build/lab_1_package/lab_1_package.egg-info/SOURCES.txt'
[4.788s] running build
[4.788s] running build_py
[4.788s] running install
[4.809s] running install_lib
[4.878s] running install_data
[4.879s] copying launch/display.launch.py -> /home/abel/CODE/AAiT/AI/ros_ws/install/lab_1_package/share/lab_1_package/launch
[4.880s] running install_egg_info
[4.949s] removing '/home/abel/CODE/AAiT/AI/ros_ws/install/lab_1_package/lib/python3.12/site-packages/lab_1_package-0.0.0-py3.12.egg-info' (and everything under it)
[4.949s] Copying ../../build/lab_1_package/lab_1_package.egg-info to /home/abel/CODE/AAiT/AI/ros_ws/install/lab_1_package/lib/python3.12/site-packages/lab_1_package-0.0.0-py3.12.egg-info
[4.954s] running install_scripts
[5.436s] Installing move_robot script to /home/abel/CODE/AAiT/AI/ros_ws/install/lab_1_package/lib/lab_1_package
[5.438s] writing list of installed files to '/home/abel/CODE/AAiT/AI/ros_ws/build/lab_1_package/install.log'
[5.607s] Invoked command in '/home/abel/CODE/AAiT/AI/ros_ws/src/lab_1_package' returned '0': DEBUGINFOD_URLS=https://debuginfod.ubuntu.com PYTHONPATH=/home/abel/CODE/AAiT/AI/ros_ws/build/lab_1_package/prefix_override:/usr/lib/python3/dist-packages/colcon_core/task/python/colcon_distutils_commands:/home/abel/CODE/AAiT/AI/ros_ws/install/lab_1_package/lib/python3.12/site-packages:${PYTHONPATH} /usr/bin/python3 -W ignore:setup.py install is deprecated -W ignore:easy_install command is deprecated setup.py egg_info --egg-base ../../build/lab_1_package build --build-base /home/abel/CODE/AAiT/AI/ros_ws/build/lab_1_package/build install --record /home/abel/CODE/AAiT/AI/ros_ws/build/lab_1_package/install.log --single-version-externally-managed install_data
