running egg_info
writing ../../build/lab_1_package/lab_1_package.egg-info/PKG-INFO
writing dependency_links to ../../build/lab_1_package/lab_1_package.egg-info/dependency_links.txt
writing entry points to ../../build/lab_1_package/lab_1_package.egg-info/entry_points.txt
writing requirements to ../../build/lab_1_package/lab_1_package.egg-info/requires.txt
writing top-level names to ../../build/lab_1_package/lab_1_package.egg-info/top_level.txt
reading manifest file '../../build/lab_1_package/lab_1_package.egg-info/SOURCES.txt'
adding license file 'LICENSE'
writing manifest file '../../build/lab_1_package/lab_1_package.egg-info/SOURCES.txt'
running build
running build_py
copying lab_1_package/object_detection.py -> /home/abel/CODE/AAiT/AI/ros_ws/build/lab_1_package/build/lib/lab_1_package
running install
running install_lib
copying /home/abel/CODE/AAiT/AI/ros_ws/build/lab_1_package/build/lib/lab_1_package/object_detection.py -> /home/abel/CODE/AAiT/AI/ros_ws/install/lab_1_package/lib/python3.12/site-packages/lab_1_package
byte-compiling /home/abel/CODE/AAiT/AI/ros_ws/install/lab_1_package/lib/python3.12/site-packages/lab_1_package/object_detection.py to object_detection.cpython-312.pyc
running install_data
running install_egg_info
removing '/home/abel/CODE/AAiT/AI/ros_ws/install/lab_1_package/lib/python3.12/site-packages/lab_1_package-0.0.0-py3.12.egg-info' (and everything under it)
Copying ../../build/lab_1_package/lab_1_package.egg-info to /home/abel/CODE/AAiT/AI/ros_ws/install/lab_1_package/lib/python3.12/site-packages/lab_1_package-0.0.0-py3.12.egg-info
running install_scripts
Installing move_robot script to /home/abel/CODE/AAiT/AI/ros_ws/install/lab_1_package/lib/lab_1_package
Installing object_detection script to /home/abel/CODE/AAiT/AI/ros_ws/install/lab_1_package/lib/lab_1_package
writing list of installed files to '/home/abel/CODE/AAiT/AI/ros_ws/build/lab_1_package/install.log'
