[2.760s] Invoking command in '/home/abel/CODE/AAiT/AI/ros_ws/src/lab_1_package': DEBUGINFOD_URLS=https://debuginfod.ubuntu.com PS1=(ros_env) \[\e]0;\u@\h: \w\a\]${debian_chroot:+($debian_chroot)}\[\033[01;32m\]\u@\h\[\033[00m\]:\[\033[01;34m\]\w\[\033[00m\]\$ PYTHONPATH=/home/abel/CODE/AAiT/AI/ros_ws/build/lab_1_package/prefix_override:/usr/lib/python3/dist-packages/colcon_core/task/python/colcon_distutils_commands:/home/abel/CODE/AAiT/AI/ros_ws/install/lab_1_package/lib/python3.12/site-packages:${PYTHONPATH} VIRTUAL_ENV_PROMPT=(ros_env) /usr/bin/python3 -W ignore:setup.py install is deprecated -W ignore:easy_install command is deprecated setup.py egg_info --egg-base ../../build/lab_1_package build --build-base /home/abel/CODE/AAiT/AI/ros_ws/build/lab_1_package/build install --record /home/abel/CODE/AAiT/AI/ros_ws/build/lab_1_package/install.log --single-version-externally-managed install_data
[3.808s] running egg_info
[3.881s] writing ../../build/lab_1_package/lab_1_package.egg-info/PKG-INFO
[3.883s] writing dependency_links to ../../build/lab_1_package/lab_1_package.egg-info/dependency_links.txt
[3.883s] writing entry points to ../../build/lab_1_package/lab_1_package.egg-info/entry_points.txt
[3.884s] writing requirements to ../../build/lab_1_package/lab_1_package.egg-info/requires.txt
[3.885s] writing top-level names to ../../build/lab_1_package/lab_1_package.egg-info/top_level.txt
[4.024s] reading manifest file '../../build/lab_1_package/lab_1_package.egg-info/SOURCES.txt'
[4.024s] adding license file 'LICENSE'
[4.027s] writing manifest file '../../build/lab_1_package/lab_1_package.egg-info/SOURCES.txt'
[4.028s] running build
[4.028s] running build_py
[4.029s] copying lab_1_package/object_detection.py -> /home/abel/CODE/AAiT/AI/ros_ws/build/lab_1_package/build/lib/lab_1_package
[4.030s] running install
[4.049s] running install_lib
[4.122s] copying /home/abel/CODE/AAiT/AI/ros_ws/build/lab_1_package/build/lib/lab_1_package/object_detection.py -> /home/abel/CODE/AAiT/AI/ros_ws/install/lab_1_package/lib/python3.12/site-packages/lab_1_package
[4.123s] byte-compiling /home/abel/CODE/AAiT/AI/ros_ws/install/lab_1_package/lib/python3.12/site-packages/lab_1_package/object_detection.py to object_detection.cpython-312.pyc
[4.126s] running install_data
[4.127s] running install_egg_info
[4.203s] removing '/home/abel/CODE/AAiT/AI/ros_ws/install/lab_1_package/lib/python3.12/site-packages/lab_1_package-0.0.0-py3.12.egg-info' (and everything under it)
[4.203s] Copying ../../build/lab_1_package/lab_1_package.egg-info to /home/abel/CODE/AAiT/AI/ros_ws/install/lab_1_package/lib/python3.12/site-packages/lab_1_package-0.0.0-py3.12.egg-info
[4.206s] running install_scripts
[4.659s] Installing move_robot script to /home/abel/CODE/AAiT/AI/ros_ws/install/lab_1_package/lib/lab_1_package
[4.660s] Installing object_detection script to /home/abel/CODE/AAiT/AI/ros_ws/install/lab_1_package/lib/lab_1_package
[4.661s] writing list of installed files to '/home/abel/CODE/AAiT/AI/ros_ws/build/lab_1_package/install.log'
[4.765s] Invoked command in '/home/abel/CODE/AAiT/AI/ros_ws/src/lab_1_package' returned '0': DEBUGINFOD_URLS=https://debuginfod.ubuntu.com PS1=(ros_env) \[\e]0;\u@\h: \w\a\]${debian_chroot:+($debian_chroot)}\[\033[01;32m\]\u@\h\[\033[00m\]:\[\033[01;34m\]\w\[\033[00m\]\$ PYTHONPATH=/home/abel/CODE/AAiT/AI/ros_ws/build/lab_1_package/prefix_override:/usr/lib/python3/dist-packages/colcon_core/task/python/colcon_distutils_commands:/home/abel/CODE/AAiT/AI/ros_ws/install/lab_1_package/lib/python3.12/site-packages:${PYTHONPATH} VIRTUAL_ENV_PROMPT=(ros_env) /usr/bin/python3 -W ignore:setup.py install is deprecated -W ignore:easy_install command is deprecated setup.py egg_info --egg-base ../../build/lab_1_package build --build-base /home/abel/CODE/AAiT/AI/ros_ws/build/lab_1_package/build install --record /home/abel/CODE/AAiT/AI/ros_ws/build/lab_1_package/install.log --single-version-externally-managed install_data
