running egg_info
creating ../../build/lab_1_package/lab_1_package.egg-info
writing ../../build/lab_1_package/lab_1_package.egg-info/PKG-INFO
writing dependency_links to ../../build/lab_1_package/lab_1_package.egg-info/dependency_links.txt
writing entry points to ../../build/lab_1_package/lab_1_package.egg-info/entry_points.txt
writing requirements to ../../build/lab_1_package/lab_1_package.egg-info/requires.txt
writing top-level names to ../../build/lab_1_package/lab_1_package.egg-info/top_level.txt
writing manifest file '../../build/lab_1_package/lab_1_package.egg-info/SOURCES.txt'
reading manifest file '../../build/lab_1_package/lab_1_package.egg-info/SOURCES.txt'
adding license file 'LICENSE'
writing manifest file '../../build/lab_1_package/lab_1_package.egg-info/SOURCES.txt'
running build
running build_py
creating /root/ros_ws/build/lab_1_package/build
creating /root/ros_ws/build/lab_1_package/build/lib
creating /root/ros_ws/build/lab_1_package/build/lib/lab_1_package
copying lab_1_package/move_robot.py -> /root/ros_ws/build/lab_1_package/build/lib/lab_1_package
copying lab_1_package/__init__.py -> /root/ros_ws/build/lab_1_package/build/lib/lab_1_package
running install
running install_lib
creating /root/ros_ws/install/lab_1_package/lib/python3.12/site-packages/lab_1_package
copying /root/ros_ws/build/lab_1_package/build/lib/lab_1_package/move_robot.py -> /root/ros_ws/install/lab_1_package/lib/python3.12/site-packages/lab_1_package
copying /root/ros_ws/build/lab_1_package/build/lib/lab_1_package/__init__.py -> /root/ros_ws/install/lab_1_package/lib/python3.12/site-packages/lab_1_package
byte-compiling /root/ros_ws/install/lab_1_package/lib/python3.12/site-packages/lab_1_package/move_robot.py to move_robot.cpython-312.pyc
byte-compiling /root/ros_ws/install/lab_1_package/lib/python3.12/site-packages/lab_1_package/__init__.py to __init__.cpython-312.pyc
running install_data
creating /root/ros_ws/install/lab_1_package/share/ament_index
creating /root/ros_ws/install/lab_1_package/share/ament_index/resource_index
creating /root/ros_ws/install/lab_1_package/share/ament_index/resource_index/packages
copying resource/lab_1_package -> /root/ros_ws/install/lab_1_package/share/ament_index/resource_index/packages
copying package.xml -> /root/ros_ws/install/lab_1_package/share/lab_1_package
creating /root/ros_ws/install/lab_1_package/share/lab_1_package/urdf
copying urdf/robot.urdf -> /root/ros_ws/install/lab_1_package/share/lab_1_package/urdf
creating /root/ros_ws/install/lab_1_package/share/lab_1_package/launch
copying launch/display.launch.py -> /root/ros_ws/install/lab_1_package/share/lab_1_package/launch
copying launch/gazebo_sim.launch.py -> /root/ros_ws/install/lab_1_package/share/lab_1_package/launch
creating /root/ros_ws/install/lab_1_package/share/lab_1_package/rviz
copying rviz/urdf.rviz -> /root/ros_ws/install/lab_1_package/share/lab_1_package/rviz
creating /root/ros_ws/install/lab_1_package/share/lab_1_package/worlds
copying worlds/my_world.sdf -> /root/ros_ws/install/lab_1_package/share/lab_1_package/worlds
running install_egg_info
Copying ../../build/lab_1_package/lab_1_package.egg-info to /root/ros_ws/install/lab_1_package/lib/python3.12/site-packages/lab_1_package-0.0.0-py3.12.egg-info
running install_scripts
Installing move_robot script to /root/ros_ws/install/lab_1_package/lib/lab_1_package
writing list of installed files to '/root/ros_ws/build/lab_1_package/install.log'
