/home/abel/CODE/AAiT/AI/ros_ws/install/lab_1_package/lib/python3.12/site-packages/lab_1_package/object_detection.py
/home/abel/CODE/AAiT/AI/ros_ws/install/lab_1_package/lib/python3.12/site-packages/lab_1_package/move_robot.py
/home/abel/CODE/AAiT/AI/ros_ws/install/lab_1_package/lib/python3.12/site-packages/lab_1_package/__init__.py
/home/abel/CODE/AAiT/AI/ros_ws/install/lab_1_package/lib/python3.12/site-packages/lab_1_package/__pycache__/object_detection.cpython-312.pyc
/home/abel/CODE/AAiT/AI/ros_ws/install/lab_1_package/lib/python3.12/site-packages/lab_1_package/__pycache__/move_robot.cpython-312.pyc
/home/abel/CODE/AAiT/AI/ros_ws/install/lab_1_package/lib/python3.12/site-packages/lab_1_package/__pycache__/__init__.cpython-312.pyc
/home/abel/CODE/AAiT/AI/ros_ws/install/lab_1_package/share/ament_index/resource_index/packages/lab_1_package
/home/abel/CODE/AAiT/AI/ros_ws/install/lab_1_package/share/lab_1_package/package.xml
/home/abel/CODE/AAiT/AI/ros_ws/install/lab_1_package/share/lab_1_package/urdf/robot.urdf
/home/abel/CODE/AAiT/AI/ros_ws/install/lab_1_package/share/lab_1_package/launch/display.launch.py
/home/abel/CODE/AAiT/AI/ros_ws/install/lab_1_package/share/lab_1_package/launch/gazebo_sim.launch.py
/home/abel/CODE/AAiT/AI/ros_ws/install/lab_1_package/share/lab_1_package/rviz/urdf.rviz
/home/abel/CODE/AAiT/AI/ros_ws/install/lab_1_package/share/lab_1_package/worlds/my_world.sdf
/home/abel/CODE/AAiT/AI/ros_ws/install/lab_1_package/lib/python3.12/site-packages/lab_1_package-0.0.0-py3.12.egg-info/SOURCES.txt
/home/abel/CODE/AAiT/AI/ros_ws/install/lab_1_package/lib/python3.12/site-packages/lab_1_package-0.0.0-py3.12.egg-info/entry_points.txt
/home/abel/CODE/AAiT/AI/ros_ws/install/lab_1_package/lib/python3.12/site-packages/lab_1_package-0.0.0-py3.12.egg-info/zip-safe
/home/abel/CODE/AAiT/AI/ros_ws/install/lab_1_package/lib/python3.12/site-packages/lab_1_package-0.0.0-py3.12.egg-info/top_level.txt
/home/abel/CODE/AAiT/AI/ros_ws/install/lab_1_package/lib/python3.12/site-packages/lab_1_package-0.0.0-py3.12.egg-info/dependency_links.txt
/home/abel/CODE/AAiT/AI/ros_ws/install/lab_1_package/lib/python3.12/site-packages/lab_1_package-0.0.0-py3.12.egg-info/requires.txt
/home/abel/CODE/AAiT/AI/ros_ws/install/lab_1_package/lib/python3.12/site-packages/lab_1_package-0.0.0-py3.12.egg-info/PKG-INFO
/home/abel/CODE/AAiT/AI/ros_ws/install/lab_1_package/lib/lab_1_package/move_robot
/home/abel/CODE/AAiT/AI/ros_ws/install/lab_1_package/lib/lab_1_package/object_detection
