[0.607s] Invoking command in '/root/ros_ws/src/lab_1_package': PYTHONPATH=/root/ros_ws/build/lab_1_package/prefix_override:/usr/lib/python3/dist-packages/colcon_core/task/python/colcon_distutils_commands:/root/ros_ws/install/lab_1_package/lib/python3.12/site-packages:${PYTHONPATH} /usr/bin/python3 -W ignore:setup.py install is deprecated -W ignore:easy_install command is deprecated setup.py egg_info --egg-base ../../build/lab_1_package build --build-base /root/ros_ws/build/lab_1_package/build install --record /root/ros_ws/build/lab_1_package/install.log --single-version-externally-managed install_data
[0.807s] running egg_info
[0.820s] writing ../../build/lab_1_package/lab_1_package.egg-info/PKG-INFO
[0.820s] writing dependency_links to ../../build/lab_1_package/lab_1_package.egg-info/dependency_links.txt
[0.820s] writing entry points to ../../build/lab_1_package/lab_1_package.egg-info/entry_points.txt
[0.820s] writing requirements to ../../build/lab_1_package/lab_1_package.egg-info/requires.txt
[0.820s] writing top-level names to ../../build/lab_1_package/lab_1_package.egg-info/top_level.txt
[0.847s] reading manifest file '../../build/lab_1_package/lab_1_package.egg-info/SOURCES.txt'
[0.847s] adding license file 'LICENSE'
[0.848s] writing manifest file '../../build/lab_1_package/lab_1_package.egg-info/SOURCES.txt'
[0.848s] running build
[0.848s] running build_py
[0.848s] running install
[0.853s] running install_lib
[0.866s] running install_data
[0.866s] copying urdf/robot.urdf -> /root/ros_ws/install/lab_1_package/share/lab_1_package/urdf
[0.867s] running install_egg_info
[0.881s] removing '/root/ros_ws/install/lab_1_package/lib/python3.12/site-packages/lab_1_package-0.0.0-py3.12.egg-info' (and everything under it)
[0.881s] Copying ../../build/lab_1_package/lab_1_package.egg-info to /root/ros_ws/install/lab_1_package/lib/python3.12/site-packages/lab_1_package-0.0.0-py3.12.egg-info
[0.881s] running install_scripts
[0.973s] Installing move_robot script to /root/ros_ws/install/lab_1_package/lib/lab_1_package
[0.973s] writing list of installed files to '/root/ros_ws/build/lab_1_package/install.log'
[0.998s] Invoked command in '/root/ros_ws/src/lab_1_package' returned '0': PYTHONPATH=/root/ros_ws/build/lab_1_package/prefix_override:/usr/lib/python3/dist-packages/colcon_core/task/python/colcon_distutils_commands:/root/ros_ws/install/lab_1_package/lib/python3.12/site-packages:${PYTHONPATH} /usr/bin/python3 -W ignore:setup.py install is deprecated -W ignore:easy_install command is deprecated setup.py egg_info --egg-base ../../build/lab_1_package build --build-base /root/ros_ws/build/lab_1_package/build install --record /root/ros_ws/build/lab_1_package/install.log --single-version-externally-managed install_data
