[0.616s] Invoking command in '/root/ros_ws/src/lab_1_package': PYTHONPATH=/root/ros_ws/build/lab_1_package/prefix_override:/usr/lib/python3/dist-packages/colcon_core/task/python/colcon_distutils_commands:/root/ros_ws/install/lab_1_package/lib/python3.12/site-packages:${PYTHONPATH} /usr/bin/python3 -W ignore:setup.py install is deprecated -W ignore:easy_install command is deprecated setup.py egg_info --egg-base ../../build/lab_1_package build --build-base /root/ros_ws/build/lab_1_package/build install --record /root/ros_ws/build/lab_1_package/install.log --single-version-externally-managed install_data
[0.820s] running egg_info
[0.834s] writing ../../build/lab_1_package/lab_1_package.egg-info/PKG-INFO
[0.834s] writing dependency_links to ../../build/lab_1_package/lab_1_package.egg-info/dependency_links.txt
[0.834s] writing entry points to ../../build/lab_1_package/lab_1_package.egg-info/entry_points.txt
[0.834s] writing requirements to ../../build/lab_1_package/lab_1_package.egg-info/requires.txt
[0.834s] writing top-level names to ../../build/lab_1_package/lab_1_package.egg-info/top_level.txt
[0.863s] reading manifest file '../../build/lab_1_package/lab_1_package.egg-info/SOURCES.txt'
[0.863s] adding license file 'LICENSE'
[0.864s] writing manifest file '../../build/lab_1_package/lab_1_package.egg-info/SOURCES.txt'
[0.864s] running build
[0.864s] running build_py
[0.864s] running install
[0.869s] running install_lib
[0.884s] running install_data
[0.884s] copying launch/display.launch.py -> /root/ros_ws/install/lab_1_package/share/lab_1_package/launch
[0.884s] copying worlds/my_world.sdf -> /root/ros_ws/install/lab_1_package/share/lab_1_package/worlds
[0.884s] running install_egg_info
[0.898s] removing '/root/ros_ws/install/lab_1_package/lib/python3.12/site-packages/lab_1_package-0.0.0-py3.12.egg-info' (and everything under it)
[0.898s] Copying ../../build/lab_1_package/lab_1_package.egg-info to /root/ros_ws/install/lab_1_package/lib/python3.12/site-packages/lab_1_package-0.0.0-py3.12.egg-info
[0.899s] running install_scripts
[0.992s] Installing move_robot script to /root/ros_ws/install/lab_1_package/lib/lab_1_package
[0.992s] writing list of installed files to '/root/ros_ws/build/lab_1_package/install.log'
[1.016s] Invoked command in '/root/ros_ws/src/lab_1_package' returned '0': PYTHONPATH=/root/ros_ws/build/lab_1_package/prefix_override:/usr/lib/python3/dist-packages/colcon_core/task/python/colcon_distutils_commands:/root/ros_ws/install/lab_1_package/lib/python3.12/site-packages:${PYTHONPATH} /usr/bin/python3 -W ignore:setup.py install is deprecated -W ignore:easy_install command is deprecated setup.py egg_info --egg-base ../../build/lab_1_package build --build-base /root/ros_ws/build/lab_1_package/build install --record /root/ros_ws/build/lab_1_package/install.log --single-version-externally-managed install_data
