[1.600s] Invoking command in '/home/abel/CODE/AAiT/AI/ros_ws/src/lab_1_package': DEBUGINFOD_URLS=https://debuginfod.ubuntu.com PYTHONPATH=/home/abel/CODE/AAiT/AI/ros_ws/build/lab_1_package/prefix_override:/usr/lib/python3/dist-packages/colcon_core/task/python/colcon_distutils_commands:/home/abel/CODE/AAiT/AI/ros_ws/install/lab_1_package/lib/python3.12/site-packages:${PYTHONPATH} /usr/bin/python3 -W ignore:setup.py install is deprecated -W ignore:easy_install command is deprecated setup.py egg_info --egg-base ../../build/lab_1_package build --build-base /home/abel/CODE/AAiT/AI/ros_ws/build/lab_1_package/build install --record /home/abel/CODE/AAiT/AI/ros_ws/build/lab_1_package/install.log --single-version-externally-managed install_data
[2.182s] running egg_info
[2.237s] writing ../../build/lab_1_package/lab_1_package.egg-info/PKG-INFO
[2.237s] writing dependency_links to ../../build/lab_1_package/lab_1_package.egg-info/dependency_links.txt
[2.238s] writing entry points to ../../build/lab_1_package/lab_1_package.egg-info/entry_points.txt
[2.239s] writing requirements to ../../build/lab_1_package/lab_1_package.egg-info/requires.txt
[2.239s] writing top-level names to ../../build/lab_1_package/lab_1_package.egg-info/top_level.txt
[2.301s] reading manifest file '../../build/lab_1_package/lab_1_package.egg-info/SOURCES.txt'
[2.301s] adding license file 'LICENSE'
[2.303s] writing manifest file '../../build/lab_1_package/lab_1_package.egg-info/SOURCES.txt'
[2.303s] running build
[2.303s] running build_py
[2.304s] running install
[2.315s] running install_lib
[2.353s] running install_data
[2.354s] copying launch/display.launch.py -> /home/abel/CODE/AAiT/AI/ros_ws/install/lab_1_package/share/lab_1_package/launch
[2.354s] running install_egg_info
[2.387s] removing '/home/abel/CODE/AAiT/AI/ros_ws/install/lab_1_package/lib/python3.12/site-packages/lab_1_package-0.0.0-py3.12.egg-info' (and everything under it)
[2.387s] Copying ../../build/lab_1_package/lab_1_package.egg-info to /home/abel/CODE/AAiT/AI/ros_ws/install/lab_1_package/lib/python3.12/site-packages/lab_1_package-0.0.0-py3.12.egg-info
[2.388s] running install_scripts
[2.742s] Installing move_robot script to /home/abel/CODE/AAiT/AI/ros_ws/install/lab_1_package/lib/lab_1_package
[2.744s] writing list of installed files to '/home/abel/CODE/AAiT/AI/ros_ws/build/lab_1_package/install.log'
[2.852s] Invoked command in '/home/abel/CODE/AAiT/AI/ros_ws/src/lab_1_package' returned '0': DEBUGINFOD_URLS=https://debuginfod.ubuntu.com PYTHONPATH=/home/abel/CODE/AAiT/AI/ros_ws/build/lab_1_package/prefix_override:/usr/lib/python3/dist-packages/colcon_core/task/python/colcon_distutils_commands:/home/abel/CODE/AAiT/AI/ros_ws/install/lab_1_package/lib/python3.12/site-packages:${PYTHONPATH} /usr/bin/python3 -W ignore:setup.py install is deprecated -W ignore:easy_install command is deprecated setup.py egg_info --egg-base ../../build/lab_1_package build --build-base /home/abel/CODE/AAiT/AI/ros_ws/build/lab_1_package/build install --record /home/abel/CODE/AAiT/AI/ros_ws/build/lab_1_package/install.log --single-version-externally-managed install_data
