[1.190s] Invoking command in '/root/ros_ws/src/lab_1_package': PYTHONPATH=/root/ros_ws/build/lab_1_package/prefix_override:/usr/lib/python3/dist-packages/colcon_core/task/python/colcon_distutils_commands:/root/ros_ws/install/lab_1_package/lib/python3.12/site-packages:${PYTHONPATH} /usr/bin/python3 -W ignore:setup.py install is deprecated -W ignore:easy_install command is deprecated setup.py egg_info --egg-base ../../build/lab_1_package build --build-base /root/ros_ws/build/lab_1_package/build install --record /root/ros_ws/build/lab_1_package/install.log --single-version-externally-managed install_data
[1.438s] running egg_info
[1.456s] writing ../../build/lab_1_package/lab_1_package.egg-info/PKG-INFO
[1.456s] writing dependency_links to ../../build/lab_1_package/lab_1_package.egg-info/dependency_links.txt
[1.456s] writing entry points to ../../build/lab_1_package/lab_1_package.egg-info/entry_points.txt
[1.456s] writing requirements to ../../build/lab_1_package/lab_1_package.egg-info/requires.txt
[1.457s] writing top-level names to ../../build/lab_1_package/lab_1_package.egg-info/top_level.txt
[1.491s] reading manifest file '../../build/lab_1_package/lab_1_package.egg-info/SOURCES.txt'
[1.491s] adding license file 'LICENSE'
[1.492s] writing manifest file '../../build/lab_1_package/lab_1_package.egg-info/SOURCES.txt'
[1.492s] running build
[1.492s] running build_py
[1.492s] running install
[1.498s] running install_lib
[1.514s] running install_data
[1.514s] running install_egg_info
[1.533s] removing '/root/ros_ws/install/lab_1_package/lib/python3.12/site-packages/lab_1_package-0.0.0-py3.12.egg-info' (and everything under it)
[1.533s] Copying ../../build/lab_1_package/lab_1_package.egg-info to /root/ros_ws/install/lab_1_package/lib/python3.12/site-packages/lab_1_package-0.0.0-py3.12.egg-info
[1.534s] running install_scripts
[1.636s] Installing move_robot script to /root/ros_ws/install/lab_1_package/lib/lab_1_package
[1.636s] writing list of installed files to '/root/ros_ws/build/lab_1_package/install.log'
[1.660s] Invoked command in '/root/ros_ws/src/lab_1_package' returned '0': PYTHONPATH=/root/ros_ws/build/lab_1_package/prefix_override:/usr/lib/python3/dist-packages/colcon_core/task/python/colcon_distutils_commands:/root/ros_ws/install/lab_1_package/lib/python3.12/site-packages:${PYTHONPATH} /usr/bin/python3 -W ignore:setup.py install is deprecated -W ignore:easy_install command is deprecated setup.py egg_info --egg-base ../../build/lab_1_package build --build-base /root/ros_ws/build/lab_1_package/build install --record /root/ros_ws/build/lab_1_package/install.log --single-version-externally-managed install_data
